Command line:
   DUAL_UART_BUFFERFULL_isim_par.exe
     -simmode  gui
     -sdfmax  /UART_1/=netgen/par/UART_timesim.sdf
     -sdfroot  /UART_1
     -simrunnum  0
     -socket  55305

Sun Aug 29 22:09:42 2021


 Elaboration Time: 0.296875 sec

 Current Memory Usage: 5498.5 Meg

 Total Signals          : 7333
 Total Nets             : 4683
 Total Signal Drivers   : 4597
 Total Blocks           : 1953
 Total Primitive Blocks : 1048
 Total Processes        : 4587
 Total Traceable Variables  : 10885
 Total Scalar Nets and Variables : 36080

 Total Simulation Time: 0.78125 sec

 Current Memory Usage: 5498.5 Meg

Sun Aug 29 22:10:07 2021

