--------------------------------------------------------------------------------
Release 14.7 Trace  (nt64)
Copyright (c) 1995-2013 Xilinx, Inc.  All rights reserved.

C:\Xilinx\14.7\ISE_DS\ISE\bin\nt64\unwrapped\trce.exe -intstyle ise -v 3 -s 5
-n 3 -fastpaths -xml BaudGeneretor.twx BaudGeneretor.ncd -o BaudGeneretor.twr
BaudGeneretor.pcf

Design file:              BaudGeneretor.ncd
Physical constraint file: BaudGeneretor.pcf
Device,package,speed:     xc3s1500,fg320,-5 (PRODUCTION 1.39 2013-10-13)
Report level:             verbose report

Environment Variable      Effect 
--------------------      ------ 
NONE                      No environment variables were set
--------------------------------------------------------------------------------

INFO:Timing:2698 - No timing constraints found, doing default enumeration.
INFO:Timing:3412 - To improve timing, see the Timing Closure User Guide (UG612).
INFO:Timing:2752 - To get complete path coverage, use the unconstrained paths 
   option. All paths that are not constrained will be reported in the 
   unconstrained paths section(s) of the report.
INFO:Timing:3339 - The clock-to-out numbers in this timing report are based on 
   a 50 Ohm transmission line loading model.  For the details of this model, 
   and for more information on accounting for different loading conditions, 
   please see the device datasheet.
INFO:Timing:3390 - This architecture does not support a default System Jitter 
   value, please add SYSTEM_JITTER constraint to the UCF to modify the Clock 
   Uncertainty calculation.
INFO:Timing:3389 - This architecture does not support 'Discrete Jitter' and 
   'Phase Error' calculations, these terms will be zero in the Clock 
   Uncertainty calculation.  Please make appropriate modification to 
   SYSTEM_JITTER to account for the unsupported Discrete Jitter and Phase 
   Error.



Data Sheet report:
-----------------
All values displayed in nanoseconds (ns)

Clock Sel<0> to Pad
------------+------------+------------------+--------+
            | clk (edge) |                  | Clock  |
Destination |   to PAD   |Internal Clock(s) | Phase  |
------------+------------+------------------+--------+
Bclk        |   11.653(R)|BclkX8_OBUF       |   0.000|
------------+------------+------------------+--------+

Clock Sel<1> to Pad
------------+------------+------------------+--------+
            | clk (edge) |                  | Clock  |
Destination |   to PAD   |Internal Clock(s) | Phase  |
------------+------------+------------------+--------+
Bclk        |   11.133(R)|BclkX8_OBUF       |   0.000|
------------+------------+------------------+--------+

Clock Sel<2> to Pad
------------+------------+------------------+--------+
            | clk (edge) |                  | Clock  |
Destination |   to PAD   |Internal Clock(s) | Phase  |
------------+------------+------------------+--------+
Bclk        |   11.022(R)|BclkX8_OBUF       |   0.000|
------------+------------+------------------+--------+

Clock to Setup on destination clock Sel<0>
---------------+---------+---------+---------+---------+
               | Src:Rise| Src:Fall| Src:Rise| Src:Fall|
Source Clock   |Dest:Rise|Dest:Rise|Dest:Fall|Dest:Fall|
---------------+---------+---------+---------+---------+
Sel<0>         |    2.276|         |         |         |
Sel<1>         |    2.276|         |         |         |
Sel<2>         |    2.276|         |         |         |
---------------+---------+---------+---------+---------+

Clock to Setup on destination clock Sel<1>
---------------+---------+---------+---------+---------+
               | Src:Rise| Src:Fall| Src:Rise| Src:Fall|
Source Clock   |Dest:Rise|Dest:Rise|Dest:Fall|Dest:Fall|
---------------+---------+---------+---------+---------+
Sel<0>         |    2.276|         |         |         |
Sel<1>         |    2.276|         |         |         |
Sel<2>         |    2.276|         |         |         |
---------------+---------+---------+---------+---------+

Clock to Setup on destination clock Sel<2>
---------------+---------+---------+---------+---------+
               | Src:Rise| Src:Fall| Src:Rise| Src:Fall|
Source Clock   |Dest:Rise|Dest:Rise|Dest:Fall|Dest:Fall|
---------------+---------+---------+---------+---------+
Sel<0>         |    2.276|         |         |         |
Sel<1>         |    2.276|         |         |         |
Sel<2>         |    2.276|         |         |         |
---------------+---------+---------+---------+---------+

Clock to Setup on destination clock Sysclk
---------------+---------+---------+---------+---------+
               | Src:Rise| Src:Fall| Src:Rise| Src:Fall|
Source Clock   |Dest:Rise|Dest:Rise|Dest:Fall|Dest:Fall|
---------------+---------+---------+---------+---------+
Sysclk         |    3.312|         |         |         |
---------------+---------+---------+---------+---------+

Pad to Pad
---------------+---------------+---------+
Source Pad     |Destination Pad|  Delay  |
---------------+---------------+---------+
Sel<0>         |BclkX8         |   10.375|
Sel<1>         |BclkX8         |    9.855|
Sel<2>         |BclkX8         |    9.744|
---------------+---------------+---------+


Analysis completed Fri Aug 13 10:51:57 2021 
--------------------------------------------------------------------------------

Trace Settings:
-------------------------
Trace Settings 

Peak Memory Usage: 4504 MB



