Release 14.7 - xst P.20131013 (nt64)
Copyright (c) 1995-2013 Xilinx, Inc.  All rights reserved.
--> Parameter TMPDIR set to xst/projnav.tmp


Total REAL time to Xst completion: 0.00 secs
Total CPU time to Xst completion: 0.10 secs
 
--> Parameter xsthdpdir set to xst


Total REAL time to Xst completion: 0.00 secs
Total CPU time to Xst completion: 0.10 secs
 
--> Reading design: DESERIALIZER.prj

TABLE OF CONTENTS
  1) Synthesis Options Summary
  2) HDL Compilation
  3) Design Hierarchy Analysis
  4) HDL Analysis
  5) HDL Synthesis
     5.1) HDL Synthesis Report
  6) Advanced HDL Synthesis
     6.1) Advanced HDL Synthesis Report
  7) Low Level Synthesis
  8) Partition Report
  9) Final Report
	9.1) Device utilization summary
	9.2) Partition Resource Summary
	9.3) TIMING REPORT


=========================================================================
*                      Synthesis Options Summary                        *
=========================================================================
---- Source Parameters
Input File Name                    : "DESERIALIZER.prj"
Input Format                       : mixed
Ignore Synthesis Constraint File   : NO

---- Target Parameters
Output File Name                   : "DESERIALIZER"
Output Format                      : NGC
Target Device                      : xc3s1500-5-fg320

---- Source Options
Top Module Name                    : DESERIALIZER
Automatic FSM Extraction           : YES
FSM Encoding Algorithm             : Auto
Safe Implementation                : No
FSM Style                          : LUT
RAM Extraction                     : Yes
RAM Style                          : Auto
ROM Extraction                     : Yes
Mux Style                          : Auto
Decoder Extraction                 : YES
Priority Encoder Extraction        : Yes
Shift Register Extraction          : YES
Logical Shifter Extraction         : YES
XOR Collapsing                     : YES
ROM Style                          : Auto
Mux Extraction                     : Yes
Resource Sharing                   : YES
Asynchronous To Synchronous        : NO
Multiplier Style                   : Auto
Automatic Register Balancing       : No

---- Target Options
Add IO Buffers                     : YES
Global Maximum Fanout              : 100000
Add Generic Clock Buffer(BUFG)     : 8
Register Duplication               : YES
Slice Packing                      : YES
Optimize Instantiated Primitives   : NO
Use Clock Enable                   : Yes
Use Synchronous Set                : Yes
Use Synchronous Reset              : Yes
Pack IO Registers into IOBs        : Auto
Equivalent register Removal        : YES

---- General Options
Optimization Goal                  : Speed
Optimization Effort                : 1
Keep Hierarchy                     : No
Netlist Hierarchy                  : As_Optimized
RTL Output                         : Yes
Global Optimization                : AllClockNets
Read Cores                         : YES
Write Timing Constraints           : NO
Cross Clock Analysis               : NO
Hierarchy Separator                : /
Bus Delimiter                      : <>
Case Specifier                     : Maintain
Slice Utilization Ratio            : 100
BRAM Utilization Ratio             : 100
Verilog 2001                       : YES
Auto BRAM Packing                  : NO
Slice Utilization Ratio Delta      : 5

=========================================================================


=========================================================================
*                          HDL Compilation                              *
=========================================================================
Compiling vhdl file "C:/Users/Flavio/OneDrive - Politecnico di Milano/06_Prog_RL/UART_Project/VHDL/REG_PP_8_BIT.vhd" in Library work.
Architecture rtl of Entity reg_pp_8_bit is up to date.
Compiling vhdl file "C:/Users/Flavio/OneDrive - Politecnico di Milano/06_Prog_RL/UART_Project/VHDL/REG_SP_8_BIT.vhd" in Library work.
Architecture rtl of Entity reg_sp_8_bit is up to date.
Compiling vhdl file "C:/Users/Flavio/OneDrive - Politecnico di Milano/06_Prog_RL/UART_Project/VHDL/CLK_DELAYER_4.vhd" in Library work.
Architecture rtl of Entity clk_delayer_4 is up to date.
Compiling vhdl file "C:/Users/Flavio/OneDrive - Politecnico di Milano/06_Prog_RL/UART_Project/VHDL/COUNTER_MOD_2_N.vhd" in Library work.
Architecture rtl of Entity counter_mod_2_n is up to date.
Compiling vhdl file "C:/Users/Flavio/OneDrive - Politecnico di Milano/06_Prog_RL/UART_Project/VHDL/DESERIALIZER.vhd" in Library work.
Architecture struct of Entity deserializer is up to date.

=========================================================================
*                     Design Hierarchy Analysis                         *
=========================================================================
Analyzing hierarchy for entity <DESERIALIZER> in library <work> (architecture <struct>).

Analyzing hierarchy for entity <REG_PP_8_BIT> in library <work> (architecture <rtl>).

Analyzing hierarchy for entity <REG_SP_8_BIT> in library <work> (architecture <rtl>).

Analyzing hierarchy for entity <CLK_DELAYER_4> in library <work> (architecture <rtl>).

Analyzing hierarchy for entity <COUNTER_MOD_2_N> in library <work> (architecture <rtl>) with generics.
	N = 3

Analyzing hierarchy for entity <COUNTER_MOD_2_N> in library <work> (architecture <rtl>) with generics.
	N = 4


=========================================================================
*                            HDL Analysis                               *
=========================================================================
Analyzing Entity <DESERIALIZER> in library <work> (Architecture <struct>).
WARNING:Xst:819 - "C:/Users/Flavio/OneDrive - Politecnico di Milano/06_Prog_RL/UART_Project/VHDL/DESERIALIZER.vhd" line 111: One or more signals are missing in the process sensitivity list. To enable synthesis of FPGA/CPLD hardware, XST will assume that all necessary signals are present in the sensitivity list. Please note that the result of the synthesis may differ from the initial design specification. The missing signals are:
   <T_READY>
Entity <DESERIALIZER> analyzed. Unit <DESERIALIZER> generated.

Analyzing Entity <REG_PP_8_BIT> in library <work> (Architecture <rtl>).
Entity <REG_PP_8_BIT> analyzed. Unit <REG_PP_8_BIT> generated.

Analyzing Entity <REG_SP_8_BIT> in library <work> (Architecture <rtl>).
WARNING:Xst:819 - "C:/Users/Flavio/OneDrive - Politecnico di Milano/06_Prog_RL/UART_Project/VHDL/REG_SP_8_BIT.vhd" line 14: One or more signals are missing in the process sensitivity list. To enable synthesis of FPGA/CPLD hardware, XST will assume that all necessary signals are present in the sensitivity list. Please note that the result of the synthesis may differ from the initial design specification. The missing signals are:
   <T>
Entity <REG_SP_8_BIT> analyzed. Unit <REG_SP_8_BIT> generated.

Analyzing Entity <CLK_DELAYER_4> in library <work> (Architecture <rtl>).
Entity <CLK_DELAYER_4> analyzed. Unit <CLK_DELAYER_4> generated.

Analyzing generic Entity <COUNTER_MOD_2_N.1> in library <work> (Architecture <rtl>).
	N = 3
Entity <COUNTER_MOD_2_N.1> analyzed. Unit <COUNTER_MOD_2_N.1> generated.

Analyzing generic Entity <COUNTER_MOD_2_N.2> in library <work> (Architecture <rtl>).
	N = 4
Entity <COUNTER_MOD_2_N.2> analyzed. Unit <COUNTER_MOD_2_N.2> generated.


=========================================================================
*                           HDL Synthesis                               *
=========================================================================

Performing bidirectional port resolution...

Synthesizing Unit <REG_PP_8_BIT>.
    Related source file is "C:/Users/Flavio/OneDrive - Politecnico di Milano/06_Prog_RL/UART_Project/VHDL/REG_PP_8_BIT.vhd".
    Found 8-bit register for signal <Y>.
    Summary:
	inferred   8 D-type flip-flop(s).
Unit <REG_PP_8_BIT> synthesized.


Synthesizing Unit <REG_SP_8_BIT>.
    Related source file is "C:/Users/Flavio/OneDrive - Politecnico di Milano/06_Prog_RL/UART_Project/VHDL/REG_SP_8_BIT.vhd".
    Found 8-bit register for signal <T>.
    Summary:
	inferred   8 D-type flip-flop(s).
Unit <REG_SP_8_BIT> synthesized.


Synthesizing Unit <CLK_DELAYER_4>.
    Related source file is "C:/Users/Flavio/OneDrive - Politecnico di Milano/06_Prog_RL/UART_Project/VHDL/CLK_DELAYER_4.vhd".
    Found 1-bit register for signal <Y>.
    Found 4-bit register for signal <T>.
    Summary:
	inferred   5 D-type flip-flop(s).
Unit <CLK_DELAYER_4> synthesized.


Synthesizing Unit <COUNTER_MOD_2_N_1>.
    Related source file is "C:/Users/Flavio/OneDrive - Politecnico di Milano/06_Prog_RL/UART_Project/VHDL/COUNTER_MOD_2_N.vhd".
    Found 3-bit up counter for signal <TY>.
    Summary:
	inferred   1 Counter(s).
Unit <COUNTER_MOD_2_N_1> synthesized.


Synthesizing Unit <COUNTER_MOD_2_N_2>.
    Related source file is "C:/Users/Flavio/OneDrive - Politecnico di Milano/06_Prog_RL/UART_Project/VHDL/COUNTER_MOD_2_N.vhd".
    Found 4-bit up counter for signal <TY>.
    Summary:
	inferred   1 Counter(s).
Unit <COUNTER_MOD_2_N_2> synthesized.


Synthesizing Unit <DESERIALIZER>.
    Related source file is "C:/Users/Flavio/OneDrive - Politecnico di Milano/06_Prog_RL/UART_Project/VHDL/DESERIALIZER.vhd".
WARNING:Xst:646 - Signal <OUT_C8<1:0>> is assigned but never used. This unconnected signal will be trimmed during the optimization process.
WARNING:Xst:737 - Found 1-bit latch for signal <RD>. Latches may be generated from incomplete case or if statements. We do not recommend the use of latches in FPGA/CPLD designs, as they may lead to timing problems.
Unit <DESERIALIZER> synthesized.


=========================================================================
HDL Synthesis Report

Macro Statistics
# Counters                                             : 2
 3-bit up counter                                      : 1
 4-bit up counter                                      : 1
# Registers                                            : 14
 1-bit register                                        : 13
 8-bit register                                        : 1
# Latches                                              : 1
 1-bit latch                                           : 1

=========================================================================

=========================================================================
*                       Advanced HDL Synthesis                          *
=========================================================================


=========================================================================
Advanced HDL Synthesis Report

Macro Statistics
# Counters                                             : 2
 3-bit up counter                                      : 1
 4-bit up counter                                      : 1
# Registers                                            : 21
 Flip-Flops                                            : 21
# Latches                                              : 1
 1-bit latch                                           : 1

=========================================================================

=========================================================================
*                         Low Level Synthesis                           *
=========================================================================

Optimizing unit <DESERIALIZER> ...

Optimizing unit <REG_PP_8_BIT> ...

Optimizing unit <REG_SP_8_BIT> ...

Mapping all equations...
Building and optimizing final netlist ...
Found area constraint ratio of 100 (+ 5) on block DESERIALIZER, actual ratio is 0.
Latch RD has been replicated 1 time(s) to handle iob=true attribute.

Final Macro Processing ...

Processing Unit <DESERIALIZER> :
INFO:Xst:741 - HDL ADVISOR - A 5-bit shift register was found for signal <U3/Y> and currently occupies 5 logic cells (2 slices). Removing the set/reset logic would take advantage of SRL16 (and derived) primitives and reduce this to 1 logic cells (1 slices). Evaluate if the set/reset can be removed for this simple shift register. The majority of simple pipeline structures do not need to be set/reset operationally.
Unit <DESERIALIZER> processed.

=========================================================================
Final Register Report

Macro Statistics
# Registers                                            : 28
 Flip-Flops                                            : 28

=========================================================================

=========================================================================
*                           Partition Report                            *
=========================================================================

Partition Implementation Status
-------------------------------

  No Partitions were found in this design.

-------------------------------

=========================================================================
*                            Final Report                               *
=========================================================================
Final Results
RTL Top Level Output File Name     : DESERIALIZER.ngr
Top Level Output File Name         : DESERIALIZER
Output Format                      : NGC
Optimization Goal                  : Speed
Keep Hierarchy                     : No

Design Statistics
# IOs                              : 12

Cell Usage :
# BELS                             : 15
#      GND                         : 1
#      INV                         : 3
#      LUT2                        : 3
#      LUT3                        : 2
#      LUT4                        : 5
#      MUXF5                       : 1
# FlipFlops/Latches                : 30
#      FDC                         : 28
#      LDPE                        : 2
# Clock Buffers                    : 1
#      BUFGP                       : 1
# IO Buffers                       : 11
#      IBUF                        : 2
#      OBUF                        : 9
=========================================================================

Device utilization summary:
---------------------------

Selected Device : 3s1500fg320-5 

 Number of Slices:                       14  out of  13312     0%  
 Number of Slice Flip Flops:             21  out of  26624     0%  
 Number of 4 input LUTs:                 13  out of  26624     0%  
 Number of IOs:                          12
 Number of bonded IOBs:                  12  out of    221     5%  
    IOB Flip Flops:                       9
 Number of GCLKs:                         1  out of      8    12%  

---------------------------
Partition Resource Summary:
---------------------------

  No Partitions were found in this design.

---------------------------


=========================================================================
TIMING REPORT

NOTE: THESE TIMING NUMBERS ARE ONLY A SYNTHESIS ESTIMATE.
      FOR ACCURATE TIMING INFORMATION PLEASE REFER TO THE TRACE REPORT
      GENERATED AFTER PLACE-and-ROUTE.

Clock Information:
------------------
-----------------------------------+------------------------+-------+
Clock Signal                       | Clock buffer(FF name)  | Load  |
-----------------------------------+------------------------+-------+
T_START(T_START1:O)                | NONE(*)(RD)            | 2     |
CLK                                | BUFGP                  | 8     |
U4/TY_2                            | NONE(U5/TY_0)          | 12    |
T_END(T_END_f5:O)                  | NONE(*)(U1/Y_7)        | 8     |
-----------------------------------+------------------------+-------+
(*) These 2 clock signal(s) are generated by combinatorial logic,
and XST is not able to identify which are the primary clock signals.
Please use the CLOCK_SIGNAL constraint to specify the clock signal(s) generated by combinatorial logic.
INFO:Xst:2169 - HDL ADVISOR - Some clock signals were not automatically buffered by XST with BUFG/BUFR resources. Please use the buffer_type constraint in order to insert these buffers to the clock signals to help prevent skew problems.

Asynchronous Control Signals Information:
----------------------------------------
-----------------------------------+------------------------+-------+
Control Signal                     | Buffer(FF name)        | Load  |
-----------------------------------+------------------------+-------+
RESET                              | IBUF                   | 21    |
T_START(T_START1:O)                | NONE(U4/TY_0)          | 7     |
RD_or0000(RD_or0000:O)             | NONE(RD)               | 2     |
-----------------------------------+------------------------+-------+

Timing Summary:
---------------
Speed Grade: -5

   Minimum period: 2.868ns (Maximum Frequency: 348.681MHz)
   Minimum input arrival time before clock: 2.796ns
   Maximum output required time after clock: 6.216ns
   Maximum combinational path delay: No path found

Timing Detail:
--------------
All values displayed in nanoseconds (ns)

=========================================================================
Timing constraint: Default period analysis for Clock 'CLK'
  Clock period: 2.733ns (frequency: 365.925MHz)
  Total number of paths / destination ports: 10 / 7
-------------------------------------------------------------------------
Delay:               2.733ns (Levels of Logic = 1)
  Source:            U4/TY_0 (FF)
  Destination:       U4/TY_0 (FF)
  Source Clock:      CLK rising
  Destination Clock: CLK rising

  Data Path: U4/TY_0 to U4/TY_0
                                Gate     Net
    Cell:in->out      fanout   Delay   Delay  Logical Name (Net Name)
    ----------------------------------------  ------------
     FDC:C->Q              3   0.626   0.771  U4/TY_0 (U4/TY_0)
     INV:I->O              1   0.479   0.681  U4/Mcount_TY_xor<0>11_INV_0 (Result<0>)
     FDC:D                     0.176          U4/TY_0
    ----------------------------------------
    Total                      2.733ns (1.281ns logic, 1.452ns route)
                                       (46.9% logic, 53.1% route)

=========================================================================
Timing constraint: Default period analysis for Clock 'U4/TY_2'
  Clock period: 2.868ns (frequency: 348.681MHz)
  Total number of paths / destination ports: 17 / 11
-------------------------------------------------------------------------
Delay:               2.868ns (Levels of Logic = 1)
  Source:            U5/TY_0 (FF)
  Destination:       U5/TY_0 (FF)
  Source Clock:      U4/TY_2 rising
  Destination Clock: U4/TY_2 rising

  Data Path: U5/TY_0 to U5/TY_0
                                Gate     Net
    Cell:in->out      fanout   Delay   Delay  Logical Name (Net Name)
    ----------------------------------------  ------------
     FDC:C->Q              7   0.626   0.906  U5/TY_0 (U5/TY_0)
     INV:I->O              1   0.479   0.681  U5/Mcount_TY_xor<0>11_INV_0 (Result<0>1)
     FDC:D                     0.176          U5/TY_0
    ----------------------------------------
    Total                      2.868ns (1.281ns logic, 1.587ns route)
                                       (44.7% logic, 55.3% route)

=========================================================================
Timing constraint: Default OFFSET IN BEFORE for Clock 'CLK'
  Total number of paths / destination ports: 1 / 1
-------------------------------------------------------------------------
Offset:              2.796ns (Levels of Logic = 2)
  Source:            RX (PAD)
  Destination:       U3/T_0 (FF)
  Destination Clock: CLK rising

  Data Path: RX to U3/T_0
                                Gate     Net
    Cell:in->out      fanout   Delay   Delay  Logical Name (Net Name)
    ----------------------------------------  ------------
     IBUF:I->O             2   0.715   0.745  RX_IBUF (RX_IBUF)
     INV:I->O              1   0.479   0.681  U3_not00001_INV_0 (U3_not0000)
     FDC:D                     0.176          U3/T_0
    ----------------------------------------
    Total                      2.796ns (1.370ns logic, 1.426ns route)
                                       (49.0% logic, 51.0% route)

=========================================================================
Timing constraint: Default OFFSET IN BEFORE for Clock 'U4/TY_2'
  Total number of paths / destination ports: 1 / 1
-------------------------------------------------------------------------
Offset:              1.636ns (Levels of Logic = 1)
  Source:            RX (PAD)
  Destination:       U2/T_0 (FF)
  Destination Clock: U4/TY_2 rising

  Data Path: RX to U2/T_0
                                Gate     Net
    Cell:in->out      fanout   Delay   Delay  Logical Name (Net Name)
    ----------------------------------------  ------------
     IBUF:I->O             2   0.715   0.745  RX_IBUF (RX_IBUF)
     FDC:D                     0.176          U2/T_0
    ----------------------------------------
    Total                      1.636ns (0.891ns logic, 0.745ns route)
                                       (54.4% logic, 45.6% route)

=========================================================================
Timing constraint: Default OFFSET OUT AFTER for Clock 'T_START'
  Total number of paths / destination ports: 1 / 1
-------------------------------------------------------------------------
Offset:              6.141ns (Levels of Logic = 1)
  Source:            RD_1 (LATCH)
  Destination:       RX_READY (PAD)
  Source Clock:      T_START falling

  Data Path: RD_1 to RX_READY
                                Gate     Net
    Cell:in->out      fanout   Delay   Delay  Logical Name (Net Name)
    ----------------------------------------  ------------
     LDPE:G->Q             1   0.551   0.681  RD_1 (RD_1)
     OBUF:I->O                 4.909          RX_READY_OBUF (RX_READY)
    ----------------------------------------
    Total                      6.141ns (5.460ns logic, 0.681ns route)
                                       (88.9% logic, 11.1% route)

=========================================================================
Timing constraint: Default OFFSET OUT AFTER for Clock 'T_END'
  Total number of paths / destination ports: 8 / 8
-------------------------------------------------------------------------
Offset:              6.216ns (Levels of Logic = 1)
  Source:            U1/Y_7 (FF)
  Destination:       BUS_OUT<7> (PAD)
  Source Clock:      T_END rising

  Data Path: U1/Y_7 to BUS_OUT<7>
                                Gate     Net
    Cell:in->out      fanout   Delay   Delay  Logical Name (Net Name)
    ----------------------------------------  ------------
     FDC:C->Q              1   0.626   0.681  U1/Y_7 (U1/Y_7)
     OBUF:I->O                 4.909          BUS_OUT_7_OBUF (BUS_OUT<7>)
    ----------------------------------------
    Total                      6.216ns (5.535ns logic, 0.681ns route)
                                       (89.0% logic, 11.0% route)

=========================================================================


Total REAL time to Xst completion: 4.00 secs
Total CPU time to Xst completion: 3.71 secs
 
--> 

Total memory usage is 4500412 kilobytes

Number of errors   :    0 (   0 filtered)
Number of warnings :    4 (   0 filtered)
Number of infos    :    2 (   0 filtered)

