Release 14.7 - xst P.20131013 (nt64)
Copyright (c) 1995-2013 Xilinx, Inc.  All rights reserved.
--> Parameter TMPDIR set to xst/projnav.tmp


Total REAL time to Xst completion: 1.00 secs
Total CPU time to Xst completion: 0.10 secs
 
--> Parameter xsthdpdir set to xst


Total REAL time to Xst completion: 1.00 secs
Total CPU time to Xst completion: 0.10 secs
 
--> Reading design: REG_PS_9_BIT.prj

TABLE OF CONTENTS
  1) Synthesis Options Summary
  2) HDL Compilation
  3) Design Hierarchy Analysis
  4) HDL Analysis
  5) HDL Synthesis
     5.1) HDL Synthesis Report
  6) Advanced HDL Synthesis
     6.1) Advanced HDL Synthesis Report
  7) Low Level Synthesis
  8) Partition Report
  9) Final Report
	9.1) Device utilization summary
	9.2) Partition Resource Summary
	9.3) TIMING REPORT


=========================================================================
*                      Synthesis Options Summary                        *
=========================================================================
---- Source Parameters
Input File Name                    : "REG_PS_9_BIT.prj"
Input Format                       : mixed
Ignore Synthesis Constraint File   : NO

---- Target Parameters
Output File Name                   : "REG_PS_9_BIT"
Output Format                      : NGC
Target Device                      : xc3s1500-5-fg320

---- Source Options
Top Module Name                    : REG_PS_9_BIT
Automatic FSM Extraction           : YES
FSM Encoding Algorithm             : Auto
Safe Implementation                : No
FSM Style                          : LUT
RAM Extraction                     : Yes
RAM Style                          : Auto
ROM Extraction                     : Yes
Mux Style                          : Auto
Decoder Extraction                 : YES
Priority Encoder Extraction        : Yes
Shift Register Extraction          : YES
Logical Shifter Extraction         : YES
XOR Collapsing                     : YES
ROM Style                          : Auto
Mux Extraction                     : Yes
Resource Sharing                   : YES
Asynchronous To Synchronous        : NO
Multiplier Style                   : Auto
Automatic Register Balancing       : No

---- Target Options
Add IO Buffers                     : YES
Global Maximum Fanout              : 100000
Add Generic Clock Buffer(BUFG)     : 8
Register Duplication               : YES
Slice Packing                      : YES
Optimize Instantiated Primitives   : NO
Use Clock Enable                   : Yes
Use Synchronous Set                : Yes
Use Synchronous Reset              : Yes
Pack IO Registers into IOBs        : Auto
Equivalent register Removal        : YES

---- General Options
Optimization Goal                  : Speed
Optimization Effort                : 1
Keep Hierarchy                     : No
Netlist Hierarchy                  : As_Optimized
RTL Output                         : Yes
Global Optimization                : AllClockNets
Read Cores                         : YES
Write Timing Constraints           : NO
Cross Clock Analysis               : NO
Hierarchy Separator                : /
Bus Delimiter                      : <>
Case Specifier                     : Maintain
Slice Utilization Ratio            : 100
BRAM Utilization Ratio             : 100
Verilog 2001                       : YES
Auto BRAM Packing                  : NO
Slice Utilization Ratio Delta      : 5

=========================================================================


=========================================================================
*                          HDL Compilation                              *
=========================================================================
Compiling vhdl file "C:/Users/Flavio/OneDrive - Politecnico di Milano/06_Prog_RL/UART_Project/VHDL/REG_PS_9_BIT.vhd" in Library work.
Architecture rtl of Entity reg_ps_9_bit is up to date.

=========================================================================
*                     Design Hierarchy Analysis                         *
=========================================================================
Analyzing hierarchy for entity <REG_PS_9_BIT> in library <work> (architecture <rtl>).


=========================================================================
*                            HDL Analysis                               *
=========================================================================
Analyzing Entity <REG_PS_9_BIT> in library <work> (Architecture <rtl>).
WARNING:Xst:819 - "C:/Users/Flavio/OneDrive - Politecnico di Milano/06_Prog_RL/UART_Project/VHDL/REG_PS_9_BIT.vhd" line 16: One or more signals are missing in the process sensitivity list. To enable synthesis of FPGA/CPLD hardware, XST will assume that all necessary signals are present in the sensitivity list. Please note that the result of the synthesis may differ from the initial design specification. The missing signals are:
   <LOAD>, <Z>
Entity <REG_PS_9_BIT> analyzed. Unit <REG_PS_9_BIT> generated.


=========================================================================
*                           HDL Synthesis                               *
=========================================================================

Performing bidirectional port resolution...

Synthesizing Unit <REG_PS_9_BIT>.
    Related source file is "C:/Users/Flavio/OneDrive - Politecnico di Milano/06_Prog_RL/UART_Project/VHDL/REG_PS_9_BIT.vhd".
    Found 9-bit register for signal <Z>.
    Summary:
	inferred   9 D-type flip-flop(s).
Unit <REG_PS_9_BIT> synthesized.


=========================================================================
HDL Synthesis Report

Macro Statistics
# Registers                                            : 9
 1-bit register                                        : 9

=========================================================================

=========================================================================
*                       Advanced HDL Synthesis                          *
=========================================================================


=========================================================================
Advanced HDL Synthesis Report

Macro Statistics
# Registers                                            : 9
 Flip-Flops                                            : 9

=========================================================================

=========================================================================
*                         Low Level Synthesis                           *
=========================================================================

Optimizing unit <REG_PS_9_BIT> ...

Mapping all equations...
Building and optimizing final netlist ...
Found area constraint ratio of 100 (+ 5) on block REG_PS_9_BIT, actual ratio is 0.

Final Macro Processing ...

=========================================================================
Final Register Report

Macro Statistics
# Registers                                            : 9
 Flip-Flops                                            : 9

=========================================================================

=========================================================================
*                           Partition Report                            *
=========================================================================

Partition Implementation Status
-------------------------------

  No Partitions were found in this design.

-------------------------------

=========================================================================
*                            Final Report                               *
=========================================================================
Final Results
RTL Top Level Output File Name     : REG_PS_9_BIT.ngr
Top Level Output File Name         : REG_PS_9_BIT
Output Format                      : NGC
Optimization Goal                  : Speed
Keep Hierarchy                     : No

Design Statistics
# IOs                              : 13

Cell Usage :
# BELS                             : 10
#      LUT2                        : 2
#      LUT3                        : 8
# FlipFlops/Latches                : 9
#      FDP                         : 9
# Clock Buffers                    : 1
#      BUFGP                       : 1
# IO Buffers                       : 12
#      IBUF                        : 11
#      OBUF                        : 1
=========================================================================

Device utilization summary:
---------------------------

Selected Device : 3s1500fg320-5 

 Number of Slices:                        6  out of  13312     0%  
 Number of Slice Flip Flops:              9  out of  26624     0%  
 Number of 4 input LUTs:                 10  out of  26624     0%  
 Number of IOs:                          13
 Number of bonded IOBs:                  13  out of    221     5%  
 Number of GCLKs:                         1  out of      8    12%  

---------------------------
Partition Resource Summary:
---------------------------

  No Partitions were found in this design.

---------------------------


=========================================================================
TIMING REPORT

NOTE: THESE TIMING NUMBERS ARE ONLY A SYNTHESIS ESTIMATE.
      FOR ACCURATE TIMING INFORMATION PLEASE REFER TO THE TRACE REPORT
      GENERATED AFTER PLACE-and-ROUTE.

Clock Information:
------------------
-----------------------------------+------------------------+-------+
Clock Signal                       | Clock buffer(FF name)  | Load  |
-----------------------------------+------------------------+-------+
CLK                                | BUFGP                  | 9     |
-----------------------------------+------------------------+-------+

Asynchronous Control Signals Information:
----------------------------------------
-----------------------------------+------------------------+-------+
Control Signal                     | Buffer(FF name)        | Load  |
-----------------------------------+------------------------+-------+
RESET                              | IBUF                   | 9     |
-----------------------------------+------------------------+-------+

Timing Summary:
---------------
Speed Grade: -5

   Minimum period: 2.021ns (Maximum Frequency: 494.841MHz)
   Minimum input arrival time before clock: 2.629ns
   Maximum output required time after clock: 7.671ns
   Maximum combinational path delay: 7.918ns

Timing Detail:
--------------
All values displayed in nanoseconds (ns)

=========================================================================
Timing constraint: Default period analysis for Clock 'CLK'
  Clock period: 2.021ns (frequency: 494.841MHz)
  Total number of paths / destination ports: 8 / 8
-------------------------------------------------------------------------
Delay:               2.021ns (Levels of Logic = 1)
  Source:            Z_3 (FF)
  Destination:       Z_2 (FF)
  Source Clock:      CLK rising
  Destination Clock: CLK rising

  Data Path: Z_3 to Z_2
                                Gate     Net
    Cell:in->out      fanout   Delay   Delay  Logical Name (Net Name)
    ----------------------------------------  ------------
     FDP:C->Q              1   0.626   0.740  Z_3 (Z_3)
     LUT3:I2->O            1   0.479   0.000  Z_2_mux00011 (Z_2_mux0001)
     FDP:D                     0.176          Z_2
    ----------------------------------------
    Total                      2.021ns (1.281ns logic, 0.740ns route)
                                       (63.4% logic, 36.6% route)

=========================================================================
Timing constraint: Default OFFSET IN BEFORE for Clock 'CLK'
  Total number of paths / destination ports: 18 / 9
-------------------------------------------------------------------------
Offset:              2.629ns (Levels of Logic = 2)
  Source:            LOAD (PAD)
  Destination:       Z_2 (FF)
  Destination Clock: CLK rising

  Data Path: LOAD to Z_2
                                Gate     Net
    Cell:in->out      fanout   Delay   Delay  Logical Name (Net Name)
    ----------------------------------------  ------------
     IBUF:I->O            10   0.715   1.259  LOAD_IBUF (LOAD_IBUF)
     LUT3:I0->O            1   0.479   0.000  Z_7_mux00011 (Z_7_mux0001)
     FDP:D                     0.176          Z_7
    ----------------------------------------
    Total                      2.629ns (1.370ns logic, 1.259ns route)
                                       (52.1% logic, 47.9% route)

=========================================================================
Timing constraint: Default OFFSET OUT AFTER for Clock 'CLK'
  Total number of paths / destination ports: 1 / 1
-------------------------------------------------------------------------
Offset:              7.671ns (Levels of Logic = 2)
  Source:            Z_0 (FF)
  Destination:       Y (PAD)
  Source Clock:      CLK rising

  Data Path: Z_0 to Y
                                Gate     Net
    Cell:in->out      fanout   Delay   Delay  Logical Name (Net Name)
    ----------------------------------------  ------------
     FDP:C->Q              1   0.626   0.976  Z_0 (Z_0)
     LUT2:I0->O            1   0.479   0.681  Y1 (Y_OBUF)
     OBUF:I->O                 4.909          Y_OBUF (Y)
    ----------------------------------------
    Total                      7.671ns (6.014ns logic, 1.657ns route)
                                       (78.4% logic, 21.6% route)

=========================================================================
Timing constraint: Default path analysis
  Total number of paths / destination ports: 1 / 1
-------------------------------------------------------------------------
Delay:               7.918ns (Levels of Logic = 3)
  Source:            LOAD (PAD)
  Destination:       Y (PAD)

  Data Path: LOAD to Y
                                Gate     Net
    Cell:in->out      fanout   Delay   Delay  Logical Name (Net Name)
    ----------------------------------------  ------------
     IBUF:I->O            10   0.715   1.134  LOAD_IBUF (LOAD_IBUF)
     LUT2:I1->O            1   0.479   0.681  Y1 (Y_OBUF)
     OBUF:I->O                 4.909          Y_OBUF (Y)
    ----------------------------------------
    Total                      7.918ns (6.103ns logic, 1.815ns route)
                                       (77.1% logic, 22.9% route)

=========================================================================


Total REAL time to Xst completion: 4.00 secs
Total CPU time to Xst completion: 3.66 secs
 
--> 

Total memory usage is 4498364 kilobytes

Number of errors   :    0 (   0 filtered)
Number of warnings :    1 (   0 filtered)
Number of infos    :    0 (   0 filtered)

