Release 14.7 - xst P.20131013 (nt64)
Copyright (c) 1995-2013 Xilinx, Inc.  All rights reserved.
--> Parameter TMPDIR set to xst/projnav.tmp


Total REAL time to Xst completion: 0.00 secs
Total CPU time to Xst completion: 0.10 secs
 
--> Parameter xsthdpdir set to xst


Total REAL time to Xst completion: 0.00 secs
Total CPU time to Xst completion: 0.10 secs
 
--> Reading design: REG_PP_8_BIT.prj

TABLE OF CONTENTS
  1) Synthesis Options Summary
  2) HDL Compilation
  3) Design Hierarchy Analysis
  4) HDL Analysis
  5) HDL Synthesis
     5.1) HDL Synthesis Report
  6) Advanced HDL Synthesis
     6.1) Advanced HDL Synthesis Report
  7) Low Level Synthesis
  8) Partition Report
  9) Final Report
	9.1) Device utilization summary
	9.2) Partition Resource Summary
	9.3) TIMING REPORT


=========================================================================
*                      Synthesis Options Summary                        *
=========================================================================
---- Source Parameters
Input File Name                    : "REG_PP_8_BIT.prj"
Input Format                       : mixed
Ignore Synthesis Constraint File   : NO

---- Target Parameters
Output File Name                   : "REG_PP_8_BIT"
Output Format                      : NGC
Target Device                      : xc3s1500-5-fg320

---- Source Options
Top Module Name                    : REG_PP_8_BIT
Automatic FSM Extraction           : YES
FSM Encoding Algorithm             : Auto
Safe Implementation                : No
FSM Style                          : LUT
RAM Extraction                     : Yes
RAM Style                          : Auto
ROM Extraction                     : Yes
Mux Style                          : Auto
Decoder Extraction                 : YES
Priority Encoder Extraction        : Yes
Shift Register Extraction          : YES
Logical Shifter Extraction         : YES
XOR Collapsing                     : YES
ROM Style                          : Auto
Mux Extraction                     : Yes
Resource Sharing                   : YES
Asynchronous To Synchronous        : NO
Multiplier Style                   : Auto
Automatic Register Balancing       : No

---- Target Options
Add IO Buffers                     : YES
Global Maximum Fanout              : 100000
Add Generic Clock Buffer(BUFG)     : 8
Register Duplication               : YES
Slice Packing                      : YES
Optimize Instantiated Primitives   : NO
Use Clock Enable                   : Yes
Use Synchronous Set                : Yes
Use Synchronous Reset              : Yes
Pack IO Registers into IOBs        : Auto
Equivalent register Removal        : YES

---- General Options
Optimization Goal                  : Speed
Optimization Effort                : 1
Keep Hierarchy                     : No
Netlist Hierarchy                  : As_Optimized
RTL Output                         : Yes
Global Optimization                : AllClockNets
Read Cores                         : YES
Write Timing Constraints           : NO
Cross Clock Analysis               : NO
Hierarchy Separator                : /
Bus Delimiter                      : <>
Case Specifier                     : Maintain
Slice Utilization Ratio            : 100
BRAM Utilization Ratio             : 100
Verilog 2001                       : YES
Auto BRAM Packing                  : NO
Slice Utilization Ratio Delta      : 5

=========================================================================


=========================================================================
*                          HDL Compilation                              *
=========================================================================
Compiling vhdl file "C:/Users/Flavio/OneDrive - Politecnico di Milano/06_Prog_RL/UART_Project/VHDL/REG_PP_8_BIT.vhd" in Library work.
Architecture rtl of Entity reg_pp_8_bit is up to date.

=========================================================================
*                     Design Hierarchy Analysis                         *
=========================================================================
Analyzing hierarchy for entity <REG_PP_8_BIT> in library <work> (architecture <rtl>).


=========================================================================
*                            HDL Analysis                               *
=========================================================================
Analyzing Entity <REG_PP_8_BIT> in library <work> (Architecture <rtl>).
Entity <REG_PP_8_BIT> analyzed. Unit <REG_PP_8_BIT> generated.


=========================================================================
*                           HDL Synthesis                               *
=========================================================================

Performing bidirectional port resolution...

Synthesizing Unit <REG_PP_8_BIT>.
    Related source file is "C:/Users/Flavio/OneDrive - Politecnico di Milano/06_Prog_RL/UART_Project/VHDL/REG_PP_8_BIT.vhd".
    Found 8-bit register for signal <Y>.
    Summary:
	inferred   8 D-type flip-flop(s).
Unit <REG_PP_8_BIT> synthesized.


=========================================================================
HDL Synthesis Report

Macro Statistics
# Registers                                            : 1
 8-bit register                                        : 1

=========================================================================

=========================================================================
*                       Advanced HDL Synthesis                          *
=========================================================================


=========================================================================
Advanced HDL Synthesis Report

Macro Statistics
# Registers                                            : 8
 Flip-Flops                                            : 8

=========================================================================

=========================================================================
*                         Low Level Synthesis                           *
=========================================================================

Optimizing unit <REG_PP_8_BIT> ...

Mapping all equations...
Building and optimizing final netlist ...
Found area constraint ratio of 100 (+ 5) on block REG_PP_8_BIT, actual ratio is 0.

Final Macro Processing ...

=========================================================================
Final Register Report

Macro Statistics
# Registers                                            : 8
 Flip-Flops                                            : 8

=========================================================================

=========================================================================
*                           Partition Report                            *
=========================================================================

Partition Implementation Status
-------------------------------

  No Partitions were found in this design.

-------------------------------

=========================================================================
*                            Final Report                               *
=========================================================================
Final Results
RTL Top Level Output File Name     : REG_PP_8_BIT.ngr
Top Level Output File Name         : REG_PP_8_BIT
Output Format                      : NGC
Optimization Goal                  : Speed
Keep Hierarchy                     : No

Design Statistics
# IOs                              : 18

Cell Usage :
# FlipFlops/Latches                : 8
#      FDC                         : 8
# Clock Buffers                    : 1
#      BUFGP                       : 1
# IO Buffers                       : 17
#      IBUF                        : 9
#      OBUF                        : 8
=========================================================================

Device utilization summary:
---------------------------

Selected Device : 3s1500fg320-5 

 Number of Slices:                        0  out of  13312     0%  
 Number of IOs:                          18
 Number of bonded IOBs:                  18  out of    221     8%  
    IOB Flip Flops:                       8
 Number of GCLKs:                         1  out of      8    12%  

---------------------------
Partition Resource Summary:
---------------------------

  No Partitions were found in this design.

---------------------------


=========================================================================
TIMING REPORT

NOTE: THESE TIMING NUMBERS ARE ONLY A SYNTHESIS ESTIMATE.
      FOR ACCURATE TIMING INFORMATION PLEASE REFER TO THE TRACE REPORT
      GENERATED AFTER PLACE-and-ROUTE.

Clock Information:
------------------
-----------------------------------+------------------------+-------+
Clock Signal                       | Clock buffer(FF name)  | Load  |
-----------------------------------+------------------------+-------+
ENABLE                             | BUFGP                  | 8     |
-----------------------------------+------------------------+-------+

Asynchronous Control Signals Information:
----------------------------------------
-----------------------------------+------------------------+-------+
Control Signal                     | Buffer(FF name)        | Load  |
-----------------------------------+------------------------+-------+
RESET                              | IBUF                   | 8     |
-----------------------------------+------------------------+-------+

Timing Summary:
---------------
Speed Grade: -5

   Minimum period: No path found
   Minimum input arrival time before clock: 1.572ns
   Maximum output required time after clock: 6.216ns
   Maximum combinational path delay: No path found

Timing Detail:
--------------
All values displayed in nanoseconds (ns)

=========================================================================
Timing constraint: Default OFFSET IN BEFORE for Clock 'ENABLE'
  Total number of paths / destination ports: 8 / 8
-------------------------------------------------------------------------
Offset:              1.572ns (Levels of Logic = 1)
  Source:            X<0> (PAD)
  Destination:       Y_0 (FF)
  Destination Clock: ENABLE rising

  Data Path: X<0> to Y_0
                                Gate     Net
    Cell:in->out      fanout   Delay   Delay  Logical Name (Net Name)
    ----------------------------------------  ------------
     IBUF:I->O             1   0.715   0.681  X_0_IBUF (X_0_IBUF)
     FDC:D                     0.176          Y_0
    ----------------------------------------
    Total                      1.572ns (0.891ns logic, 0.681ns route)
                                       (56.7% logic, 43.3% route)

=========================================================================
Timing constraint: Default OFFSET OUT AFTER for Clock 'ENABLE'
  Total number of paths / destination ports: 8 / 8
-------------------------------------------------------------------------
Offset:              6.216ns (Levels of Logic = 1)
  Source:            Y_7 (FF)
  Destination:       Y<7> (PAD)
  Source Clock:      ENABLE rising

  Data Path: Y_7 to Y<7>
                                Gate     Net
    Cell:in->out      fanout   Delay   Delay  Logical Name (Net Name)
    ----------------------------------------  ------------
     FDC:C->Q              1   0.626   0.681  Y_7 (Y_7)
     OBUF:I->O                 4.909          Y_7_OBUF (Y<7>)
    ----------------------------------------
    Total                      6.216ns (5.535ns logic, 0.681ns route)
                                       (89.0% logic, 11.0% route)

=========================================================================


Total REAL time to Xst completion: 4.00 secs
Total CPU time to Xst completion: 3.54 secs
 
--> 

Total memory usage is 4498620 kilobytes

Number of errors   :    0 (   0 filtered)
Number of warnings :    0 (   0 filtered)
Number of infos    :    0 (   0 filtered)

