Release 14.7 - xst P.20131013 (nt64)
Copyright (c) 1995-2013 Xilinx, Inc.  All rights reserved.
--> Parameter TMPDIR set to xst/projnav.tmp


Total REAL time to Xst completion: 0.00 secs
Total CPU time to Xst completion: 0.10 secs
 
--> Parameter xsthdpdir set to xst


Total REAL time to Xst completion: 0.00 secs
Total CPU time to Xst completion: 0.10 secs
 
--> Reading design: SERIALIZER.prj

TABLE OF CONTENTS
  1) Synthesis Options Summary
  2) HDL Compilation
  3) Design Hierarchy Analysis
  4) HDL Analysis
  5) HDL Synthesis
     5.1) HDL Synthesis Report
  6) Advanced HDL Synthesis
     6.1) Advanced HDL Synthesis Report
  7) Low Level Synthesis
  8) Partition Report
  9) Final Report
	9.1) Device utilization summary
	9.2) Partition Resource Summary
	9.3) TIMING REPORT


=========================================================================
*                      Synthesis Options Summary                        *
=========================================================================
---- Source Parameters
Input File Name                    : "SERIALIZER.prj"
Input Format                       : mixed
Ignore Synthesis Constraint File   : NO

---- Target Parameters
Output File Name                   : "SERIALIZER"
Output Format                      : NGC
Target Device                      : xc3s1500-5-fg320

---- Source Options
Top Module Name                    : SERIALIZER
Automatic FSM Extraction           : YES
FSM Encoding Algorithm             : Auto
Safe Implementation                : No
FSM Style                          : LUT
RAM Extraction                     : Yes
RAM Style                          : Auto
ROM Extraction                     : Yes
Mux Style                          : Auto
Decoder Extraction                 : YES
Priority Encoder Extraction        : Yes
Shift Register Extraction          : YES
Logical Shifter Extraction         : YES
XOR Collapsing                     : YES
ROM Style                          : Auto
Mux Extraction                     : Yes
Resource Sharing                   : YES
Asynchronous To Synchronous        : NO
Multiplier Style                   : Auto
Automatic Register Balancing       : No

---- Target Options
Add IO Buffers                     : YES
Global Maximum Fanout              : 100000
Add Generic Clock Buffer(BUFG)     : 8
Register Duplication               : YES
Slice Packing                      : YES
Optimize Instantiated Primitives   : NO
Use Clock Enable                   : Yes
Use Synchronous Set                : Yes
Use Synchronous Reset              : Yes
Pack IO Registers into IOBs        : Auto
Equivalent register Removal        : YES

---- General Options
Optimization Goal                  : Speed
Optimization Effort                : 1
Keep Hierarchy                     : No
Netlist Hierarchy                  : As_Optimized
RTL Output                         : Yes
Global Optimization                : AllClockNets
Read Cores                         : YES
Write Timing Constraints           : NO
Cross Clock Analysis               : NO
Hierarchy Separator                : /
Bus Delimiter                      : <>
Case Specifier                     : Maintain
Slice Utilization Ratio            : 100
BRAM Utilization Ratio             : 100
Verilog 2001                       : YES
Auto BRAM Packing                  : NO
Slice Utilization Ratio Delta      : 5

=========================================================================


=========================================================================
*                          HDL Compilation                              *
=========================================================================
Compiling vhdl file "C:/Users/Flavio/OneDrive - Politecnico di Milano/06_Prog_RL/UART_Project/VHDL/REG_PS_9_BIT.vhd" in Library work.
Architecture rtl of Entity reg_ps_9_bit is up to date.
Compiling vhdl file "C:/Users/Flavio/OneDrive - Politecnico di Milano/06_Prog_RL/UART_Project/VHDL/COUNTER_MOD_2_N.vhd" in Library work.
Architecture rtl of Entity counter_mod_2_n is up to date.
Compiling vhdl file "C:/Users/Flavio/OneDrive - Politecnico di Milano/06_Prog_RL/UART_Project/VHDL/SERIALIZER.vhd" in Library work.
Entity <serializer> compiled.
Entity <serializer> (Architecture <rtl>) compiled.

=========================================================================
*                     Design Hierarchy Analysis                         *
=========================================================================
Analyzing hierarchy for entity <SERIALIZER> in library <work> (architecture <rtl>).

Analyzing hierarchy for entity <REG_PS_9_BIT> in library <work> (architecture <rtl>).

Analyzing hierarchy for entity <COUNTER_MOD_2_N> in library <work> (architecture <rtl>) with generics.
	N = 4


=========================================================================
*                            HDL Analysis                               *
=========================================================================
Analyzing Entity <SERIALIZER> in library <work> (Architecture <rtl>).
Entity <SERIALIZER> analyzed. Unit <SERIALIZER> generated.

Analyzing Entity <REG_PS_9_BIT> in library <work> (Architecture <rtl>).
WARNING:Xst:819 - "C:/Users/Flavio/OneDrive - Politecnico di Milano/06_Prog_RL/UART_Project/VHDL/REG_PS_9_BIT.vhd" line 16: One or more signals are missing in the process sensitivity list. To enable synthesis of FPGA/CPLD hardware, XST will assume that all necessary signals are present in the sensitivity list. Please note that the result of the synthesis may differ from the initial design specification. The missing signals are:
   <LOAD>, <Z>
Entity <REG_PS_9_BIT> analyzed. Unit <REG_PS_9_BIT> generated.

Analyzing generic Entity <COUNTER_MOD_2_N> in library <work> (Architecture <rtl>).
	N = 4
Entity <COUNTER_MOD_2_N> analyzed. Unit <COUNTER_MOD_2_N> generated.


=========================================================================
*                           HDL Synthesis                               *
=========================================================================

Performing bidirectional port resolution...

Synthesizing Unit <REG_PS_9_BIT>.
    Related source file is "C:/Users/Flavio/OneDrive - Politecnico di Milano/06_Prog_RL/UART_Project/VHDL/REG_PS_9_BIT.vhd".
    Found 9-bit register for signal <Z>.
    Summary:
	inferred   9 D-type flip-flop(s).
Unit <REG_PS_9_BIT> synthesized.


Synthesizing Unit <COUNTER_MOD_2_N>.
    Related source file is "C:/Users/Flavio/OneDrive - Politecnico di Milano/06_Prog_RL/UART_Project/VHDL/COUNTER_MOD_2_N.vhd".
    Found 4-bit up counter for signal <TY>.
    Summary:
	inferred   1 Counter(s).
Unit <COUNTER_MOD_2_N> synthesized.


Synthesizing Unit <SERIALIZER>.
    Related source file is "C:/Users/Flavio/OneDrive - Politecnico di Milano/06_Prog_RL/UART_Project/VHDL/SERIALIZER.vhd".
WARNING:Xst:737 - Found 1-bit latch for signal <RD>. Latches may be generated from incomplete case or if statements. We do not recommend the use of latches in FPGA/CPLD designs, as they may lead to timing problems.
    Found 1-bit register for signal <r0_input>.
    Found 1-bit register for signal <r1_input>.
    Found 1-bit register for signal <T_LOAD>.
    Summary:
	inferred   3 D-type flip-flop(s).
Unit <SERIALIZER> synthesized.


=========================================================================
HDL Synthesis Report

Macro Statistics
# Counters                                             : 1
 4-bit up counter                                      : 1
# Registers                                            : 12
 1-bit register                                        : 12
# Latches                                              : 1
 1-bit latch                                           : 1

=========================================================================

=========================================================================
*                       Advanced HDL Synthesis                          *
=========================================================================


=========================================================================
Advanced HDL Synthesis Report

Macro Statistics
# Counters                                             : 1
 4-bit up counter                                      : 1
# Registers                                            : 12
 Flip-Flops                                            : 12
# Latches                                              : 1
 1-bit latch                                           : 1

=========================================================================

=========================================================================
*                         Low Level Synthesis                           *
=========================================================================

Optimizing unit <SERIALIZER> ...

Optimizing unit <REG_PS_9_BIT> ...

Mapping all equations...
Building and optimizing final netlist ...
Found area constraint ratio of 100 (+ 5) on block SERIALIZER, actual ratio is 0.

Final Macro Processing ...

=========================================================================
Final Register Report

Macro Statistics
# Registers                                            : 16
 Flip-Flops                                            : 16

=========================================================================

=========================================================================
*                           Partition Report                            *
=========================================================================

Partition Implementation Status
-------------------------------

  No Partitions were found in this design.

-------------------------------

=========================================================================
*                            Final Report                               *
=========================================================================
Final Results
RTL Top Level Output File Name     : SERIALIZER.ngr
Top Level Output File Name         : SERIALIZER
Output Format                      : NGC
Optimization Goal                  : Speed
Keep Hierarchy                     : No

Design Statistics
# IOs                              : 14

Cell Usage :
# BELS                             : 21
#      GND                         : 1
#      INV                         : 2
#      LUT2                        : 6
#      LUT3                        : 8
#      LUT4                        : 4
# FlipFlops/Latches                : 17
#      FD                          : 2
#      FDC                         : 4
#      FDP                         : 9
#      FDR                         : 1
#      LDPE                        : 1
# Clock Buffers                    : 1
#      BUFGP                       : 1
# IO Buffers                       : 13
#      IBUF                        : 11
#      OBUF                        : 2
=========================================================================

Device utilization summary:
---------------------------

Selected Device : 3s1500fg320-5 

 Number of Slices:                       11  out of  13312     0%  
 Number of Slice Flip Flops:             17  out of  26624     0%  
 Number of 4 input LUTs:                 20  out of  26624     0%  
 Number of IOs:                          14
 Number of bonded IOBs:                  14  out of    221     6%  
 Number of GCLKs:                         1  out of      8    12%  

---------------------------
Partition Resource Summary:
---------------------------

  No Partitions were found in this design.

---------------------------


=========================================================================
TIMING REPORT

NOTE: THESE TIMING NUMBERS ARE ONLY A SYNTHESIS ESTIMATE.
      FOR ACCURATE TIMING INFORMATION PLEASE REFER TO THE TRACE REPORT
      GENERATED AFTER PLACE-and-ROUTE.

Clock Information:
------------------
-----------------------------------+------------------------+-------+
Clock Signal                       | Clock buffer(FF name)  | Load  |
-----------------------------------+------------------------+-------+
CLK                                | BUFGP                  | 16    |
T_RESET(T_RESET1:O)                | NONE(*)(RD)            | 1     |
-----------------------------------+------------------------+-------+
(*) This 1 clock signal(s) are generated by combinatorial logic,
and XST is not able to identify which are the primary clock signals.
Please use the CLOCK_SIGNAL constraint to specify the clock signal(s) generated by combinatorial logic.
INFO:Xst:2169 - HDL ADVISOR - Some clock signals were not automatically buffered by XST with BUFG/BUFR resources. Please use the buffer_type constraint in order to insert these buffers to the clock signals to help prevent skew problems.

Asynchronous Control Signals Information:
----------------------------------------
-----------------------------------+------------------------+-------+
Control Signal                     | Buffer(FF name)        | Load  |
-----------------------------------+------------------------+-------+
RESET                              | IBUF                   | 9     |
T_LOAD(T_LOAD:Q)                   | NONE(COUNT/TY_0)       | 4     |
RD_or0000(RD_or0000:O)             | NONE(RD)               | 1     |
-----------------------------------+------------------------+-------+

Timing Summary:
---------------
Speed Grade: -5

   Minimum period: 3.029ns (Maximum Frequency: 330.164MHz)
   Minimum input arrival time before clock: 3.448ns
   Maximum output required time after clock: 7.875ns
   Maximum combinational path delay: No path found

Timing Detail:
--------------
All values displayed in nanoseconds (ns)

=========================================================================
Timing constraint: Default period analysis for Clock 'CLK'
  Clock period: 2.814ns (frequency: 355.315MHz)
  Total number of paths / destination ports: 29 / 15
-------------------------------------------------------------------------
Delay:               2.814ns (Levels of Logic = 1)
  Source:            COUNT/TY_0 (FF)
  Destination:       COUNT/TY_0 (FF)
  Source Clock:      CLK rising
  Destination Clock: CLK rising

  Data Path: COUNT/TY_0 to COUNT/TY_0
                                Gate     Net
    Cell:in->out      fanout   Delay   Delay  Logical Name (Net Name)
    ----------------------------------------  ------------
     FDC:C->Q              6   0.626   0.853  COUNT/TY_0 (COUNT/TY_0)
     INV:I->O              1   0.479   0.681  COUNT/Mcount_TY_xor<0>11_INV_0 (Result<0>)
     FDC:D                     0.176          COUNT/TY_0
    ----------------------------------------
    Total                      2.814ns (1.281ns logic, 1.533ns route)
                                       (45.5% logic, 54.5% route)

=========================================================================
Timing constraint: Default period analysis for Clock 'T_RESET'
  Clock period: 3.029ns (frequency: 330.164MHz)
  Total number of paths / destination ports: 1 / 1
-------------------------------------------------------------------------
Delay:               3.029ns (Levels of Logic = 1)
  Source:            RD (LATCH)
  Destination:       RD (LATCH)
  Source Clock:      T_RESET falling
  Destination Clock: T_RESET falling

  Data Path: RD to RD
                                Gate     Net
    Cell:in->out      fanout   Delay   Delay  Logical Name (Net Name)
    ----------------------------------------  ------------
     LDPE:G->Q             3   0.551   0.794  RD (RD)
     LUT4:I3->O            1   0.479   0.681  RD_0_not0000 (RD_0_not0000)
     LDPE:GE                   0.524          RD
    ----------------------------------------
    Total                      3.029ns (1.554ns logic, 1.475ns route)
                                       (51.3% logic, 48.7% route)

=========================================================================
Timing constraint: Default OFFSET IN BEFORE for Clock 'CLK'
  Total number of paths / destination ports: 10 / 10
-------------------------------------------------------------------------
Offset:              3.448ns (Levels of Logic = 2)
  Source:            START (PAD)
  Destination:       T_LOAD (FF)
  Destination Clock: CLK rising

  Data Path: START to T_LOAD
                                Gate     Net
    Cell:in->out      fanout   Delay   Delay  Logical Name (Net Name)
    ----------------------------------------  ------------
     IBUF:I->O             1   0.715   0.681  START_IBUF (START_IBUF)
     INV:I->O              1   0.479   0.681  START_inv1_INV_0 (START_inv)
     FDR:R                     0.892          T_LOAD
    ----------------------------------------
    Total                      3.448ns (2.086ns logic, 1.362ns route)
                                       (60.5% logic, 39.5% route)

=========================================================================
Timing constraint: Default OFFSET OUT AFTER for Clock 'T_RESET'
  Total number of paths / destination ports: 1 / 1
-------------------------------------------------------------------------
Offset:              6.231ns (Levels of Logic = 1)
  Source:            RD (LATCH)
  Destination:       TX_READY (PAD)
  Source Clock:      T_RESET falling

  Data Path: RD to TX_READY
                                Gate     Net
    Cell:in->out      fanout   Delay   Delay  Logical Name (Net Name)
    ----------------------------------------  ------------
     LDPE:G->Q             3   0.551   0.771  RD (RD)
     OBUF:I->O                 4.909          TX_READY_OBUF (TX_READY)
    ----------------------------------------
    Total                      6.231ns (5.460ns logic, 0.771ns route)
                                       (87.6% logic, 12.4% route)

=========================================================================
Timing constraint: Default OFFSET OUT AFTER for Clock 'CLK'
  Total number of paths / destination ports: 2 / 1
-------------------------------------------------------------------------
Offset:              7.875ns (Levels of Logic = 2)
  Source:            T_LOAD (FF)
  Destination:       Y (PAD)
  Source Clock:      CLK rising

  Data Path: T_LOAD to Y
                                Gate     Net
    Cell:in->out      fanout   Delay   Delay  Logical Name (Net Name)
    ----------------------------------------  ------------
     FDR:C->Q             15   0.626   1.180  T_LOAD (T_LOAD)
     LUT2:I1->O            1   0.479   0.681  REG_PS/Y1 (Y_OBUF)
     OBUF:I->O                 4.909          Y_OBUF (Y)
    ----------------------------------------
    Total                      7.875ns (6.014ns logic, 1.861ns route)
                                       (76.4% logic, 23.6% route)

=========================================================================


Total REAL time to Xst completion: 3.00 secs
Total CPU time to Xst completion: 3.48 secs
 
--> 

Total memory usage is 4499580 kilobytes

Number of errors   :    0 (   0 filtered)
Number of warnings :    2 (   0 filtered)
Number of infos    :    1 (   0 filtered)

